<?xml version="1.0" encoding="UTF-8"?>
<!-- Generated by org.testng.reporters.JUnitXMLReporter -->
<testsuite hostname="DESKTOP-TRI96P4" ignored="0" tests="7" failures="0" timestamp="25 Feb 2021 18:57:21 GMT" time="0.095" errors="0">
  <testcase name="methodA" time="0.016" classname="ClassOne"/>
  <testcase name="methodD" time="0.0" classname="ClassThree"/>
  <testcase name="methodE" time="0.0" classname="ClassThree"/>
  <testcase name="methodF" time="0.016" classname="ClassThree"/>
  <testcase name="methodF" time="0.0" classname="ClassFour"/>
  <testcase name="methodB" time="0.0" classname="ClassTwo"/>
  <testcase name="methodC" time="0.0" classname="ClassTwo"/>
</testsuite>
