<?xml version="1.0" encoding="UTF-8"?>
<testng-results skipped="0" failed="0" ignored="0" total="7" passed="7">
  <reporter-output>
  </reporter-output>
  <suite name="Default suite" duration-ms="95" started-at="2021-02-25T18:57:20Z" finished-at="2021-02-25T18:57:21Z">
    <groups>
    </groups>
    <test name="Default test" duration-ms="95" started-at="2021-02-25T18:57:20Z" finished-at="2021-02-25T18:57:21Z">
      <class name="ClassOne">
        <test-method status="PASS" signature="methodA()[pri:0, instance:ClassOne@6be46e8f]" name="methodA" duration-ms="16" started-at="2021-02-25T18:57:20Z" finished-at="2021-02-25T18:57:20Z">
          <reporter-output>
          </reporter-output>
        </test-method> <!-- methodA -->
      </class> <!-- ClassOne -->
      <class name="ClassThree">
        <test-method status="PASS" signature="methodF()[pri:0, instance:ClassThree@3567135c]" name="methodF" duration-ms="16" started-at="2021-02-25T18:57:21Z" finished-at="2021-02-25T18:57:21Z">
          <reporter-output>
          </reporter-output>
        </test-method> <!-- methodF -->
        <test-method status="PASS" signature="methodD()[pri:0, instance:ClassThree@3567135c]" name="methodD" duration-ms="0" started-at="2021-02-25T18:57:21Z" finished-at="2021-02-25T18:57:21Z">
          <reporter-output>
          </reporter-output>
        </test-method> <!-- methodD -->
        <test-method status="PASS" signature="methodE()[pri:0, instance:ClassThree@3567135c]" name="methodE" duration-ms="0" started-at="2021-02-25T18:57:21Z" finished-at="2021-02-25T18:57:21Z">
          <reporter-output>
          </reporter-output>
        </test-method> <!-- methodE -->
      </class> <!-- ClassThree -->
      <class name="ClassFour">
        <test-method status="PASS" signature="methodF()[pri:0, instance:ClassFour@327471b5]" name="methodF" duration-ms="0" started-at="2021-02-25T18:57:21Z" finished-at="2021-02-25T18:57:21Z">
          <reporter-output>
          </reporter-output>
        </test-method> <!-- methodF -->
      </class> <!-- ClassFour -->
      <class name="ClassTwo">
        <test-method status="PASS" signature="methodB()[pri:0, instance:ClassTwo@4157f54e]" name="methodB" duration-ms="0" started-at="2021-02-25T18:57:21Z" finished-at="2021-02-25T18:57:21Z">
          <reporter-output>
          </reporter-output>
        </test-method> <!-- methodB -->
        <test-method status="PASS" signature="methodC()[pri:0, instance:ClassTwo@4157f54e]" name="methodC" duration-ms="0" started-at="2021-02-25T18:57:21Z" finished-at="2021-02-25T18:57:21Z">
          <reporter-output>
          </reporter-output>
        </test-method> <!-- methodC -->
      </class> <!-- ClassTwo -->
    </test> <!-- Default test -->
  </suite> <!-- Default suite -->
</testng-results>
